<?xml version="1.0" encoding="UTF-8"?>
<!-- Generated by org.testng.reporters.JUnitReportReporter -->
<testsuite skipped="0" hostname="DESKTOP-7C88RL8" name="uk_webuy" tests="1" failures="0" timestamp="2020-04-26T16:12:31 BST" time="25.200" errors="0">
  <testcase name="productTest" time="25.200" classname="uk_webuy"/>
  <system-out/>
</testsuite> <!-- uk_webuy -->
